Arguments: 
  C:\Program Files\nodejs\node.exe C:\Users\sherlock holmes\AppData\Roaming\npm\node_modules\yarn\bin\yarn.js install

PATH: 
  C:\Users\sherlock holmes\gcc\bin;C:\Users\sherlock holmes\gcc\libexec\gcc\x86_64-pc-mingw32\4.6.3;C:\Program Files (x86)\Common Files\Oracle\Java\javapath;C:\ProgramData\Oracle\Java\javapath;C:\Windows\system32;C:\Windows;C:\Windows\System32\Wbem;C:\Windows\System32\WindowsPowerShell\v1.0\;C:\Program Files (x86)\NVIDIA Corporation\PhysX\Common;C:\Program Files\NVIDIA Corporation\NVIDIA NvDLISR;C:\Program Files\Git\cmd;C:\xampp\php;C:\ProgramData\ComposerSetup\bin;C:\Program Files\dotnet\;C:\WINDOWS\system32;C:\WINDOWS;C:\WINDOWS\System32\Wbem;C:\WINDOWS\System32\WindowsPowerShell\v1.0\;C:\WINDOWS\System32\OpenSSH\;C:\Program Files\Dart\dart-sdk\bin;C:\Program Files\Symfony;C:\TDM-GCC-32\bin;C:\Go\bin;C:\Users\sherlock holmes\AppData\Local\Yarn\bin;C:\Program Files\nodejs\;C:\ProgramData\chocolatey\bin;C:\Program Files\PuTTY\;C:\Gradle\bin;C:\ProgramData\chocolatey\lib\Elixir/bin;C:\ProgramData\chocolatey\lib\Elixir/bin;C:\Program Files\CMake\bin;C:\Program Files\PostgreSQL\12\bin;C:\Program Files\wkhtmltopdf\bin;C:\apache-maven-3.6.3\bin;C:\Users\sherlock holmes\.windows-build-tools\python27\;C:\Users\sherlock holmes\.windows-build-tools\python27\;C:\Users\sherlock holmes\AppData\Local\Programs\Microsoft VS Code\bin;C:\Program Files\JetBrains\PhpStorm 2019.2\bin;C:\Users\sherlock holmes\AppData\Roaming\Composer\vendor\bin;C:\src\flutter\bin;C:\Users\sherlock holmes\AppData\Local\Microsoft\WindowsApps;C:\Program Files\JetBrains\WebStorm 2019.2.2\bin;C:\src\flutter\.pub-cache\bin;C:\Flex Windows\gcc\bin;C:\Flex Windows\Lex\bin;C:\Flex Windows\bison\bin;C:\Program Files\JetBrains\IntelliJ IDEA Community Edition 2019.2.3\bin;C:\Program Files\JetBrains\IntelliJ IDEA 2019.2.3\bin;C:\Users\sherlock holmes\go\bin;C:\Program Files\JetBrains\GoLand 2019.3\bin;C:\Users\sherlock holmes\AppData\Roaming\npm;C:\Program Files\JetBrains\PyCharm 2019.2.3\bin;C:\Program Files (x86)\Microsoft Visual Studio\2017\BuildTools\VC\Tools\MSVC\14.16.27023\bin\Hostx86\x86;C:\Program Files\heroku\bin

Yarn version: 
  1.17.3

Node version: 
  12.14.1

Platform: 
  win32 x64

Trace: 
  Error: https://registry.yarnpkg.com/typescript/-/typescript-3.6.5.tgz: unexpected end of file
      at Zlib.zlibOnError [as onerror] (zlib.js:170:17)

npm manifest: 
  {
    "name": "apex-admin",
    "version": "10.0.0",
    "license": "",
    "scripts": {
      "ng": "ng",
      "start": "ng serve",
      "build": "ng build",
      "test": "ng test",
      "lint": "ng lint",
      "e2e": "ng e2e",
      "postinstall": "ngcc --properties es2015 browser module main --first-only --create-ivy-entry-points"
    },
    "private": true,
    "dependencies": {
      "@agm/core": "1.1.0",
      "@angular/animations": "9.1.9",
      "@angular/cdk": "9.1.2",
      "@angular/common": "9.1.9",
      "@angular/compiler": "9.1.9",
      "@angular/core": "9.1.9",
      "@angular/fire": "6.0.0",
      "@angular/forms": "9.1.9",
      "@angular/localize": "9.1.9",
      "@angular/platform-browser": "9.1.9",
      "@angular/platform-browser-dynamic": "9.1.9",
      "@angular/platform-server": "9.1.9",
      "@angular/router": "9.1.9",
      "@ng-bootstrap/ng-bootstrap": "6.0.0",
      "@ngrx/store": "9.0.0",
      "@ngx-translate/core": "12.1.2",
      "@ngx-translate/http-loader": "4.0.0",
      "acorn": "7.1.1",
      "angular-resize-event": "1.2.1",
      "bootstrap": "4.4.1",
      "classlist.js": "1.1.20150312",
      "core-js": "3.6.4",
      "date-fns": "2.11.0",
      "firebase": "7.13.2",
      "gulp": "4.0.2",
      "hopscotch": "0.3.1",
      "intl": "1.2.5",
      "moment": "2.24.0",
      "ng-click-outside": "6.0.0",
      "ngx-custom-validators": "9.1.0",
      "ngx-device-detector": "1.4.0",
      "ngx-perfect-scrollbar": "9.0.0",
      "ngx-spinner": "9.0.2",
      "ngx-take-until-destroy": "5.4.0",
      "node-sass": "4.13.1",
      "prismjs": "1.19.0",
      "pug": "2.0.4",
      "quill": "1.3.7",
      "resize-observer-polyfill": "1.5.1",
      "rxjs": "6.5.4",
      "screenfull": "5.0.2",
      "sweetalert2": "^9.14.0",
      "tslib": "1.10.0",
      "web-animations-js": "2.3.2",
      "zone.js": "~0.10.2"
    },
    "devDependencies": {
      "@angular-devkit/build-angular": "~0.901.7",
      "@angular/cli": "9.1.7",
      "@angular/compiler-cli": "9.1.9",
      "@angular/language-service": "9.1.9",
      "@types/core-js": "2.5.3",
      "@types/jasmine": "3.5.9",
      "@types/node": "13.9.1",
      "codelyzer": "5.1.2",
      "jasmine-core": "3.5.0",
      "jasmine-spec-reporter": "4.2.1",
      "karma": "4.4.1",
      "karma-chrome-launcher": "3.1.0",
      "karma-cli": "~2.0.0",
      "karma-coverage-istanbul-reporter": "2.1.1",
      "karma-jasmine": "3.1.1",
      "karma-jasmine-html-reporter": "1.5.2",
      "protractor": "5.4.3",
      "rxjs-compat": "6.5.4",
      "ts-node": "8.6.2",
      "tslint": "6.1.0",
      "typescript": "3.7.5"
    }
  }

yarn manifest: 
  No manifest

Lockfile: 
  No lockfile
